2025-06-03 23:25:51,306 - INFO -    - Chatbots with auto-delete: 0
2025-06-03 23:25:51,306 - INFO -    - Total conversations: 35
2025-06-03 23:25:51,307 - INFO -    - Eligible for deletion: 0
2025-06-03 23:25:51,641 - INFO -    - Total conversations: 35
2025-06-03 23:25:51,641 - INFO -    - Eligible for deletion: 0
2025-06-03 23:32:47,407 - INFO -    - Chatbots with auto-delete: 1
2025-06-03 23:32:47,408 - INFO -    - Total conversations: 35
2025-06-03 23:32:47,408 - INFO -    - Eligible for deletion: 0
2025-06-03 23:32:47,606 - INFO -    - Chatbot: Motivational Interviewing
2025-06-03 23:32:47,608 - INFO -    - Conversations to be deleted: 5
2025-06-03 23:32:47,609 - INFO -    - Deletion date: June 07, 2025
2025-06-03 23:32:48,121 - INFO -    - Total conversations: 35
2025-06-03 23:32:48,121 - INFO -    - Eligible for deletion: 0
2025-06-03 23:41:59,011 - INFO -    - Chatbots with auto-delete: 1
2025-06-03 23:41:59,012 - INFO -    - Total conversations: 35
2025-06-03 23:41:59,012 - INFO -    - Eligible for deletion: 0
2025-06-03 23:41:59,515 - INFO -    - Total conversations: 35
2025-06-03 23:41:59,515 - INFO -    - Eligible for deletion: 0
2025-06-07 17:25:15,592 - INFO -    - Chatbots with auto-delete: 3
2025-06-07 17:25:15,594 - INFO -    - Total conversations: 38
2025-06-07 17:25:15,595 - INFO -    - Eligible for deletion: 15
2025-06-07 17:25:15,834 - INFO -    - Chatbot: Building Coaching Competency
2025-06-07 17:25:15,834 - INFO -    - Conversations to be deleted: 2
2025-06-07 17:25:15,834 - INFO -    - Deletion date: June 10, 2025
2025-06-07 17:25:15,835 - INFO -    - User will see notification in chat interface
2025-06-07 17:25:16,003 - INFO -    - Chatbot: Motivational Interviewing
2025-06-07 17:25:16,003 - INFO -    - Conversations to be deleted: 1
2025-06-07 17:25:16,004 - INFO -    - Deletion date: June 10, 2025
2025-06-07 17:25:16,005 - INFO -    - User will see notification in chat interface
2025-06-07 17:25:17,234 - INFO -    - Total conversations: 23
2025-06-07 17:25:17,235 - INFO -    - Eligible for deletion: 0
2025-06-07 17:29:00,478 - INFO - Adding job tentatively -- it will be properly scheduled when the scheduler starts
2025-06-10 10:51:19,752 - INFO -    - Chatbots with auto-delete: 2
2025-06-10 10:51:19,754 - INFO -    - Total conversations: 40
2025-06-10 10:51:19,755 - INFO -    - Eligible for deletion: 2
2025-06-10 10:51:20,465 - INFO -    - Total conversations: 38
2025-06-10 10:51:20,467 - INFO -    - Eligible for deletion: 0
